c:\users\seikimaii\source\repos\covid-19\debug\vc142.pdb
c:\users\seikimaii\source\repos\covid-19\debug\vc142.idb
c:\users\seikimaii\source\repos\covid-19\debug\main-hw_6_1.obj
c:\users\seikimaii\source\repos\covid-19\debug\libcrypto-1_1.dll
c:\users\seikimaii\source\repos\covid-19\debug\libssl-1_1.dll
c:\users\seikimaii\source\repos\covid-19\debug\sfml-graphics-d-2.dll
c:\users\seikimaii\source\repos\covid-19\debug\sfml-window-d-2.dll
c:\users\seikimaii\source\repos\covid-19\debug\sfml-system-d-2.dll
c:\users\seikimaii\source\repos\covid-19\debug\freetyped.dll
c:\users\seikimaii\source\repos\covid-19\debug\zlibd1.dll
c:\users\seikimaii\source\repos\covid-19\debug\bz2d.dll
c:\users\seikimaii\source\repos\covid-19\debug\libpng16d.dll
c:\users\seikimaii\source\repos\covid-19\debug\brotlidec.dll
c:\users\seikimaii\source\repos\covid-19\debug\brotlicommon.dll
c:\users\seikimaii\source\repos\covid-19\debug\covid-19.ilk
c:\users\seikimaii\source\repos\covid-19\debug\covid-19.exe
c:\users\seikimaii\source\repos\covid-19\debug\covid-19.pdb
c:\users\seikimaii\source\repos\covid-19\debug\covid-19.tlog\cl.command.1.tlog
c:\users\seikimaii\source\repos\covid-19\debug\covid-19.tlog\cl.read.1.tlog
c:\users\seikimaii\source\repos\covid-19\debug\covid-19.tlog\cl.write.1.tlog
c:\users\seikimaii\source\repos\covid-19\debug\covid-19.tlog\covid-19.write.1u.tlog
c:\users\seikimaii\source\repos\covid-19\debug\covid-19.tlog\link.command.1.tlog
c:\users\seikimaii\source\repos\covid-19\debug\covid-19.tlog\link.read.1.tlog
c:\users\seikimaii\source\repos\covid-19\debug\covid-19.tlog\link.write.1.tlog
